<?xml version="1.0" encoding="UTF-8"?>
<!-- Generated by org.testng.reporters.JUnitReportReporter -->
<testsuite hostname="DESKTOP-BURJ5VJ" failures="0" tests="1" name="login.LoginTests" time="0.960" errors="0" timestamp="09 may. 2022 13:52:56 GMT" skipped="0">
  <testcase classname="login.LoginTests" name="testSuccessfulLogin" time="0.960"/>
</testsuite> <!-- login.LoginTests -->
